<?xml version="1.0" encoding="UTF-8"?>
<!-- Generated by org.testng.reporters.JUnitXMLReporter -->
<testsuite hostname="Asthas-Air" ignored="0" name="Default test" tests="3" failures="0" timestamp="28 Feb 2018 07:12:55 GMT" time="0.127" errors="0">
  <testcase name="TestRowColumnValid" time="0.039" classname="com.game.console.validator.ValidatorForColumnAndRowsTest"/>
  <testcase name="TestRowInvalidColumnValid" time="0.003" classname="com.game.console.validator.ValidatorForColumnAndRowsTest"/>
  <testcase name="TestRowValidColumnInvalid" time="0.002" classname="com.game.console.validator.ValidatorForColumnAndRowsTest"/>
</testsuite> <!-- Default test -->
