<?xml version="1.0" encoding="UTF-8"?>
<testng-results skipped="0" failed="0" ignored="0" total="3" passed="3">
  <reporter-output>
  </reporter-output>
  <suite name="Default suite" duration-ms="127" started-at="2018-02-28T07:12:54Z" finished-at="2018-02-28T07:12:54Z">
    <groups>
    </groups>
    <test name="Default test" duration-ms="127" started-at="2018-02-28T07:12:54Z" finished-at="2018-02-28T07:12:54Z">
      <class name="com.game.console.validator.ValidatorForColumnAndRowsTest">
        <test-method status="PASS" signature="TestRowColumnValid()[pri:0, instance:com.game.console.validator.ValidatorForColumnAndRowsTest@5f375618]" name="TestRowColumnValid" duration-ms="39" started-at="2018-02-28T07:12:54Z" finished-at="2018-02-28T07:12:54Z">
          <reporter-output>
          </reporter-output>
        </test-method> <!-- TestRowColumnValid -->
        <test-method status="PASS" signature="TestRowInvalidColumnValid()[pri:0, instance:com.game.console.validator.ValidatorForColumnAndRowsTest@5f375618]" name="TestRowInvalidColumnValid" duration-ms="3" started-at="2018-02-28T07:12:54Z" finished-at="2018-02-28T07:12:54Z">
          <reporter-output>
          </reporter-output>
        </test-method> <!-- TestRowInvalidColumnValid -->
        <test-method status="PASS" signature="TestRowValidColumnInvalid()[pri:0, instance:com.game.console.validator.ValidatorForColumnAndRowsTest@5f375618]" name="TestRowValidColumnInvalid" duration-ms="2" started-at="2018-02-28T07:12:54Z" finished-at="2018-02-28T07:12:54Z">
          <reporter-output>
          </reporter-output>
        </test-method> <!-- TestRowValidColumnInvalid -->
      </class> <!-- com.game.console.validator.ValidatorForColumnAndRowsTest -->
    </test> <!-- Default test -->
  </suite> <!-- Default suite -->
</testng-results>
